Using pre-set license
Built from '2021.3/china_unity/release' branch; Version is '2021.3.20f1c1 (7cf0fbd73406) revision 8188155'; Using compiler version '192829333'; Build Type 'Release'
OS: 'Windows 10  (10.0.19045) 64bit CoreCountrySpecific' Language: 'zh' Physical Memory: 7542 MB
BatchMode: 1, IsHumanControllingUs: 0, StartBugReporterOnCrash: 0, Is64bit: 1, IsPro: 1

COMMAND LINE ARGUMENTS:
D:\unity\editor\2021.3.20f1c1\Editor\Unity.exe
-adb2
-batchMode
-noUpm
-name
AssetImportWorker0
-projectPath
D:/unity/2Dcheck-main
-logFile
Logs/AssetImportWorker0.log
-srvPort
9425
Successfully changed project path to: D:/unity/2Dcheck-main
D:/unity/2Dcheck-main
[UnityMemory] Configuration Parameters - Can be set up in boot.config
    "memorysetup-bucket-allocator-granularity=16"
    "memorysetup-bucket-allocator-bucket-count=8"
    "memorysetup-bucket-allocator-block-size=33554432"
    "memorysetup-bucket-allocator-block-count=8"
    "memorysetup-main-allocator-block-size=16777216"
    "memorysetup-thread-allocator-block-size=16777216"
    "memorysetup-gfx-main-allocator-block-size=16777216"
    "memorysetup-gfx-thread-allocator-block-size=16777216"
    "memorysetup-cache-allocator-block-size=4194304"
    "memorysetup-typetree-allocator-block-size=2097152"
    "memorysetup-profiler-bucket-allocator-granularity=16"
    "memorysetup-profiler-bucket-allocator-bucket-count=8"
    "memorysetup-profiler-bucket-allocator-block-size=33554432"
    "memorysetup-profiler-bucket-allocator-block-count=8"
    "memorysetup-profiler-allocator-block-size=16777216"
    "memorysetup-profiler-editor-allocator-block-size=1048576"
    "memorysetup-temp-allocator-size-main=16777216"
    "memorysetup-job-temp-allocator-block-size=2097152"
    "memorysetup-job-temp-allocator-block-size-background=1048576"
    "memorysetup-job-temp-allocator-reduction-small-platforms=262144"
    "memorysetup-temp-allocator-size-background-worker=32768"
    "memorysetup-temp-allocator-size-job-worker=262144"
    "memorysetup-temp-allocator-size-preload-manager=33554432"
    "memorysetup-temp-allocator-size-nav-mesh-worker=65536"
    "memorysetup-temp-allocator-size-audio-worker=65536"
    "memorysetup-temp-allocator-size-cloud-worker=32768"
    "memorysetup-temp-allocator-size-gi-baking-worker=262144"
    "memorysetup-temp-allocator-size-gfx=262144"
Player connection [2644] Host "[IP] 172.26.48.1 [Port] 0 [Flags] 2 [Guid] 829632239 [EditorId] 829632239 [Version] 1048832 [Id] WindowsEditor(7,LAPTOP-EQKLT5CK) [Debug] 1 [PackageName] WindowsEditor [ProjectName] Editor" joined multi-casting on [225.0.0.222:54997]...

Player connection [2644] Host "[IP] 172.26.48.1 [Port] 0 [Flags] 2 [Guid] 829632239 [EditorId] 829632239 [Version] 1048832 [Id] WindowsEditor(7,LAPTOP-EQKLT5CK) [Debug] 1 [PackageName] WindowsEditor [ProjectName] Editor" joined alternative multi-casting on [225.0.0.222:34997]...

AS: AutoStreaming module initializing.
Refreshing native plugins compatible for Editor in 25.00 ms, found 0 plugins.
Preloading 0 native plugins for Editor in 0.00 ms.
Initialize engine version: 2021.3.20f1c1 (7cf0fbd73406)
[Subsystems] Discovering subsystems at path D:/unity/editor/2021.3.20f1c1/Editor/Data/Resources/UnitySubsystems
[Subsystems] Discovering subsystems at path D:/unity/2Dcheck-main/Assets
GfxDevice: creating device client; threaded=0; jobified=0
Direct3D:
    Version:  Direct3D 11.0 [level 11.1]
    Renderer: AMD Radeon(TM) Graphics (ID=0x1636)
    Vendor:   ATI
    VRAM:     3771 MB
    Driver:   27.20.11028.10001
Initialize mono
Mono path[0] = 'D:/unity/editor/2021.3.20f1c1/Editor/Data/Managed'
Mono path[1] = 'D:/unity/editor/2021.3.20f1c1/Editor/Data/MonoBleedingEdge/lib/mono/unityjit-win32'
Mono config path = 'D:/unity/editor/2021.3.20f1c1/Editor/Data/MonoBleedingEdge/etc'
Using monoOptions --debugger-agent=transport=dt_socket,embedding=1,server=y,suspend=n,address=127.0.0.1:56376
Begin MonoManager ReloadAssembly
Registering precompiled unity dll's ...
Register platform support module: D:/unity/editor/2021.3.20f1c1/Editor/Data/PlaybackEngines/AndroidPlayer/UnityEditor.Android.Extensions.dll
Register platform support module: D:/unity/editor/2021.3.20f1c1/Editor/Data/PlaybackEngines/WindowsStandaloneSupport/UnityEditor.WindowsStandalone.Extensions.dll
Registered in 0.019621 seconds.
Native extension for WindowsStandalone target not found
Native extension for Android target not found
Android Extension - Scanning For ADB Devices 557 ms
Refreshing native plugins compatible for Editor in 22.65 ms, found 0 plugins.
Preloading 0 native plugins for Editor in 0.00 ms.
Mono: successfully reloaded assembly
- Completed reload, in  1.372 seconds
Domain Reload Profiling:
	ReloadAssembly (1373ms)
		BeginReloadAssembly (170ms)
			ExecutionOrderSort (0ms)
			DisableScriptedObjects (0ms)
			BackupInstance (0ms)
			ReleaseScriptingObjects (0ms)
			CreateAndSetChildDomain (1ms)
		EndReloadAssembly (1045ms)
			LoadAssemblies (156ms)
			RebuildTransferFunctionScriptingTraits (0ms)
			SetupTypeCache (119ms)
			ReleaseScriptCaches (0ms)
			RebuildScriptCaches (33ms)
			SetupLoadedEditorAssemblies (823ms)
				LogAssemblyErrors (0ms)
				InitializePlatformSupportModulesInManaged (631ms)
				SetLoadedEditorAssemblies (0ms)
				RefreshPlugins (23ms)
				BeforeProcessingInitializeOnLoad (1ms)
				ProcessInitializeOnLoadAttributes (114ms)
				ProcessInitializeOnLoadMethodAttributes (54ms)
				AfterProcessingInitializeOnLoad (0ms)
				EditorAssembliesLoaded (0ms)
			ExecutionOrderSort2 (0ms)
			AwakeInstancesAfterBackupRestoration (0ms)
Platform modules already initialized, skipping
Registering precompiled user dll's ...
Registered in 0.003209 seconds.
Begin MonoManager ReloadAssembly
Native extension for WindowsStandalone target not found
Native extension for Android target not found
Refreshing native plugins compatible for Editor in 23.24 ms, found 0 plugins.
Preloading 0 native plugins for Editor in 0.00 ms.
Mono: successfully reloaded assembly
- Completed reload, in  1.149 seconds
Domain Reload Profiling:
	ReloadAssembly (1150ms)
		BeginReloadAssembly (212ms)
			ExecutionOrderSort (0ms)
			DisableScriptedObjects (7ms)
			BackupInstance (0ms)
			ReleaseScriptingObjects (0ms)
			CreateAndSetChildDomain (23ms)
		EndReloadAssembly (781ms)
			LoadAssemblies (166ms)
			RebuildTransferFunctionScriptingTraits (0ms)
			SetupTypeCache (166ms)
			ReleaseScriptCaches (0ms)
			RebuildScriptCaches (42ms)
			SetupLoadedEditorAssemblies (391ms)
				LogAssemblyErrors (0ms)
				InitializePlatformSupportModulesInManaged (28ms)
				SetLoadedEditorAssemblies (0ms)
				RefreshPlugins (23ms)
				BeforeProcessingInitializeOnLoad (68ms)
				ProcessInitializeOnLoadAttributes (191ms)
				ProcessInitializeOnLoadMethodAttributes (50ms)
				AfterProcessingInitializeOnLoad (31ms)
				EditorAssembliesLoaded (0ms)
			ExecutionOrderSort2 (0ms)
			AwakeInstancesAfterBackupRestoration (11ms)
Platform modules already initialized, skipping
========================================================================
Worker process is ready to serve import requests
Launched and connected shader compiler UnityShaderCompiler.exe after 0.09 seconds
Refreshing native plugins compatible for Editor in 0.24 ms, found 0 plugins.
Preloading 0 native plugins for Editor in 0.00 ms.
Unloading 1016 Unused Serialized files (Serialized files now loaded: 0)
Unloading 28 unused Assets / (129.0 KB). Loaded Objects now: 1497.
Memory consumption went from 60.4 MB to 60.3 MB.
Total: 3.674100 ms (FindLiveObjects: 0.141300 ms CreateObjectMapping: 0.034300 ms MarkObjects: 3.348400 ms  DeleteObjects: 0.148100 ms)

AssetImportParameters requested are different than current active one (requested -> active):
  custom:video-decoder-ogg-theora: a1e56fd34408186e4bbccfd4996cb3dc -> 
  custom:container-muxer-webm: aa71ff27fc2769a1b78a27578f13a17b -> 
  custom:container-demuxer-webm: 4f35f7cbe854078d1ac9338744f61a02 -> 
  custom:video-encoder-webm-vp8: eb34c28f22e8b96e1ab97ce403110664 -> 
  custom:video-codec-MediaFoundation-h265: 746d11721c4dcdbdad8f713fa42b33f4 -> 
  custom:audio-encoder-webm-vorbis: bf7c407c2cedff20999df2af8eb42d56 -> 
  custom:framework-win-MediaFoundation: 216162199b28c13a410421893ffa2e32 -> 
  custom:container-demuxer-ogg: 62fdf1f143b41e24485cea50d1cbac27 -> 
  custom:video-decoder-webm-vp8: 9c59270c3fd7afecdb556c50c9e8de78 -> 
  custom:audio-decoder-ogg-vorbis: bf7c407c2cedff20999df2af8eb42d56 -> 
========================================================================
Received Import Request.
  Time since last request: 134544.157323 seconds.
  path: Assets/Scripts/Player/PlayerWeaponGet.cs
  artifactKey: Guid(4777753993784dc43a726de04d4caa5c) Importer(815301076,1909f56bfc062723c751e8b465ee728b)
Start importing Assets/Scripts/Player/PlayerWeaponGet.cs using Guid(4777753993784dc43a726de04d4caa5c) Importer(815301076,1909f56bfc062723c751e8b465ee728b)  -> (artifact id: 'bdf45ce3b2da15c54aa3c00784c0259a') in 0.042669 seconds 
========================================================================
Received Import Request.
  Time since last request: 10.599263 seconds.
  path: Assets/Scripts/Core/CoreComponent
  artifactKey: Guid(9b78f99301377da40ba0d4a7f3d82d76) Importer(815301076,1909f56bfc062723c751e8b465ee728b)
Start importing Assets/Scripts/Core/CoreComponent using Guid(9b78f99301377da40ba0d4a7f3d82d76) Importer(815301076,1909f56bfc062723c751e8b465ee728b)  -> (artifact id: '3a3b3d1a95f939fa27de262f010a2910') in 0.003184 seconds 
========================================================================
Received Import Request.
  Time since last request: 10.899666 seconds.
  path: Assets/Scripts/interface/IDamageable.cs
  artifactKey: Guid(78e4550ba4fc21f41a3da71005baa067) Importer(815301076,1909f56bfc062723c751e8b465ee728b)
Start importing Assets/Scripts/interface/IDamageable.cs using Guid(78e4550ba4fc21f41a3da71005baa067) Importer(815301076,1909f56bfc062723c751e8b465ee728b)  -> (artifact id: 'cc5d6407389971480b0cf67918010f97') in 0.002581 seconds 
========================================================================
Received Import Request.
  Time since last request: 9.175003 seconds.
  path: Assets/Scripts/Core/Core.cs
  artifactKey: Guid(b8cc1836a7a480b4c85f5ad2130a36db) Importer(815301076,1909f56bfc062723c751e8b465ee728b)
Start importing Assets/Scripts/Core/Core.cs using Guid(b8cc1836a7a480b4c85f5ad2130a36db) Importer(815301076,1909f56bfc062723c751e8b465ee728b)  -> (artifact id: 'aaf27ba4355b66d49be3f4dcee07e16b') in 0.002366 seconds 
========================================================================
Received Import Request.
  Time since last request: 0.284075 seconds.
  path: Assets/Scripts/Core/CoreComponent.cs
  artifactKey: Guid(2cd9f70669b1ee6478069dd6663a8e44) Importer(815301076,1909f56bfc062723c751e8b465ee728b)
Start importing Assets/Scripts/Core/CoreComponent.cs using Guid(2cd9f70669b1ee6478069dd6663a8e44) Importer(815301076,1909f56bfc062723c751e8b465ee728b)  -> (artifact id: 'dfd9fa4a631166cf0fa809e302d21f2f') in 0.002624 seconds 
========================================================================
Received Import Request.
  Time since last request: 32.054859 seconds.
  path: Assets/Scripts/Player/Data
  artifactKey: Guid(2bdfa1db6bd649e40a174e6248e3354c) Importer(815301076,1909f56bfc062723c751e8b465ee728b)
Start importing Assets/Scripts/Player/Data using Guid(2bdfa1db6bd649e40a174e6248e3354c) Importer(815301076,1909f56bfc062723c751e8b465ee728b)  -> (artifact id: 'f54423dfdb079ad998ce8df79084eab5') in 0.002624 seconds 
========================================================================
Received Import Request.
  Time since last request: 0.498127 seconds.
  path: Assets/Scripts/Player/PlayerStateMachine
  artifactKey: Guid(0c3d8d3dbe6bb5642b5e814e695646ea) Importer(815301076,1909f56bfc062723c751e8b465ee728b)
Start importing Assets/Scripts/Player/PlayerStateMachine using Guid(0c3d8d3dbe6bb5642b5e814e695646ea) Importer(815301076,1909f56bfc062723c751e8b465ee728b)  -> (artifact id: '7527a5c19bc7de12870b1cde63bf0b21') in 0.002418 seconds 
========================================================================
Received Import Request.
  Time since last request: 0.677683 seconds.
  path: Assets/Scripts/Player/State
  artifactKey: Guid(cae45e8647aa20a41856e89c2e5cd2df) Importer(815301076,1909f56bfc062723c751e8b465ee728b)
Start importing Assets/Scripts/Player/State using Guid(cae45e8647aa20a41856e89c2e5cd2df) Importer(815301076,1909f56bfc062723c751e8b465ee728b)  -> (artifact id: 'afffbca4519adff1482dfbb0ba105334') in 0.002668 seconds 
========================================================================
Received Import Request.
  Time since last request: 239.670123 seconds.
  path: Assets/Scripts/Weapon/AggresiveWeapon.cs
  artifactKey: Guid(7f38ca5de7abdb642a7e943515f3e5f1) Importer(815301076,1909f56bfc062723c751e8b465ee728b)
Start importing Assets/Scripts/Weapon/AggresiveWeapon.cs using Guid(7f38ca5de7abdb642a7e943515f3e5f1) Importer(815301076,1909f56bfc062723c751e8b465ee728b)  -> (artifact id: '3f48188b7e3cc68ba57f4ce9f0aa2e57') in 0.003696 seconds 
========================================================================
Received Import Request.
  Time since last request: 800.599481 seconds.
  path: Assets/Scripts/Core
  artifactKey: Guid(206cfe7dffdfcfa4a9b6cf21bc2fff1b) Importer(815301076,1909f56bfc062723c751e8b465ee728b)
Start importing Assets/Scripts/Core using Guid(206cfe7dffdfcfa4a9b6cf21bc2fff1b) Importer(815301076,1909f56bfc062723c751e8b465ee728b)  -> (artifact id: 'd4c5729e3e8fdec34d1ff0ad2088d0d4') in 0.004816 seconds 
========================================================================
Received Import Request.
  Time since last request: 2.184484 seconds.
  path: Assets/Scripts/Core/CoreComponent/Death.cs
  artifactKey: Guid(00920264da490f348af6eb883fe9d726) Importer(815301076,1909f56bfc062723c751e8b465ee728b)
Start importing Assets/Scripts/Core/CoreComponent/Death.cs using Guid(00920264da490f348af6eb883fe9d726) Importer(815301076,1909f56bfc062723c751e8b465ee728b)  -> (artifact id: '137d199ea2c216f2206af4a713ed35c5') in 0.003292 seconds 
========================================================================
Received Import Request.
  Time since last request: 6.453482 seconds.
  path: Assets/Scripts/Core/CoreComponent/Combated.cs
  artifactKey: Guid(4352dac8fecab9344bb096e18c0b9f84) Importer(815301076,1909f56bfc062723c751e8b465ee728b)
Start importing Assets/Scripts/Core/CoreComponent/Combated.cs using Guid(4352dac8fecab9344bb096e18c0b9f84) Importer(815301076,1909f56bfc062723c751e8b465ee728b)  -> (artifact id: 'da084926e9f640f59dba34b3ff09330e') in 0.002873 seconds 
========================================================================
Received Import Request.
  Time since last request: 2.206601 seconds.
  path: Assets/Scripts/Core/CoreComponent/Stats.cs
  artifactKey: Guid(ef4d12b9aab015649bf16b4538aac1c0) Importer(815301076,1909f56bfc062723c751e8b465ee728b)
Start importing Assets/Scripts/Core/CoreComponent/Stats.cs using Guid(ef4d12b9aab015649bf16b4538aac1c0) Importer(815301076,1909f56bfc062723c751e8b465ee728b)  -> (artifact id: '634da4604883e0bce085615626143e10') in 0.003296 seconds 
========================================================================
Received Import Request.
  Time since last request: 0.359449 seconds.
  path: Assets/Scripts/Core/CoreComponent/Particle.cs
  artifactKey: Guid(d05f7268ec60fee42812389ad475d11d) Importer(815301076,1909f56bfc062723c751e8b465ee728b)
Start importing Assets/Scripts/Core/CoreComponent/Particle.cs using Guid(d05f7268ec60fee42812389ad475d11d) Importer(815301076,1909f56bfc062723c751e8b465ee728b)  -> (artifact id: '76ec7e849f02c56c5dbe72873f1dbc4f') in 0.002787 seconds 
========================================================================
Received Import Request.
  Time since last request: 37.009421 seconds.
  path: Assets/Scripts/interface
  artifactKey: Guid(29020fb8752feb845b5ae47166a4e7d5) Importer(815301076,1909f56bfc062723c751e8b465ee728b)
Start importing Assets/Scripts/interface using Guid(29020fb8752feb845b5ae47166a4e7d5) Importer(815301076,1909f56bfc062723c751e8b465ee728b)  -> (artifact id: '817d39fc97bf997dc316c57f5a38e8e7') in 0.002831 seconds 
========================================================================
Received Import Request.
  Time since last request: 1.145388 seconds.
  path: Assets/Scripts/Input
  artifactKey: Guid(ce9a953bc08194949b7600e1df12a3bf) Importer(815301076,1909f56bfc062723c751e8b465ee728b)
Start importing Assets/Scripts/Input using Guid(ce9a953bc08194949b7600e1df12a3bf) Importer(815301076,1909f56bfc062723c751e8b465ee728b)  -> (artifact id: 'd2bcb835d34e25534d0bb1d16f01c98e') in 0.003090 seconds 
========================================================================
Received Import Request.
  Time since last request: 95.445107 seconds.
  path: Assets/Scripts/Weapon/Data/AggresiveWeaponData.cs
  artifactKey: Guid(ade1abc058ac3c0479793782f5ab38aa) Importer(815301076,1909f56bfc062723c751e8b465ee728b)
Start importing Assets/Scripts/Weapon/Data/AggresiveWeaponData.cs using Guid(ade1abc058ac3c0479793782f5ab38aa) Importer(815301076,1909f56bfc062723c751e8b465ee728b)  -> (artifact id: '1a6ffd6a9920a1d96138f1c29290ebf2') in 0.003254 seconds 
========================================================================
Received Import Request.
  Time since last request: 5.677340 seconds.
  path: Assets/Scripts/Weapon/Data/WeaponData.cs
  artifactKey: Guid(a8b72b00a4ef48442a4b57b83bd9f5f8) Importer(815301076,1909f56bfc062723c751e8b465ee728b)
Start importing Assets/Scripts/Weapon/Data/WeaponData.cs using Guid(a8b72b00a4ef48442a4b57b83bd9f5f8) Importer(815301076,1909f56bfc062723c751e8b465ee728b)  -> (artifact id: '0db623d11048c3a652feef4338e9229c') in 0.003111 seconds 
